# JRE version: OpenJDK Runtime Environment Temurin-17.0.7+7 (17.0.7+7) (build 17.0.7+7)
# Java VM: OpenJDK 64-Bit Server VM Temurin-17.0.7+7 (17.0.7+7, mixed mode, sharing, tiered, compressed oops, compressed class ptrs, g1 gc, windows-amd64)
GC Precious Log:
 CPUs: 16 total, 16 available
 Memory: 15646M
 Large Page Support: Disabled
 NUMA Support: Disabled
 Compressed Oops: Enabled (Zero based)
 Heap Region Size: 2M
 Heap Min Capacity: 512M
 Heap Initial Capacity: 512M
 Heap Max Capacity: 4072M
 Pre-touch: Disabled
 Parallel Workers: 13
 Concurrent Workers: 3
 Concurrent Refinement Workers: 13
 Periodic GC: Disabled
 String Deduplication is enabled
Heap:
 garbage-first heap   total 524288K, used 98811K [0x0000000701800000, 0x0000000800000000)
  region size 2048K, 7 young (14336K), 2 survivors (4096K)
 Metaspace       used 82841K, committed 83392K, reserved 1179648K
  class space    used 11299K, committed 11584K, reserved 1048576K
GC Heap History (20 events):
Event: 4564.900 GC heap before
{Heap before GC invocations=143 (full 4):
 garbage-first heap   total 524288K, used 169993K [0x0000000701800000, 0x0000000800000000)
  region size 2048K, 40 young (81920K), 1 survivors (2048K)
 Metaspace       used 82741K, committed 83328K, reserved 1179648K
  class space    used 11299K, committed 11584K, reserved 1048576K
}
Event: 4564.902 GC heap after
{Heap after GC invocations=144 (full 4):
 garbage-first heap   total 524288K, used 90018K [0x0000000701800000, 0x0000000800000000)
  region size 2048K, 1 young (2048K), 1 survivors (2048K)
 Metaspace       used 82741K, committed 83328K, reserved 1179648K
  class space    used 11299K, committed 11584K, reserved 1048576K
}
Event: 4580.316 GC heap before
{Heap before GC invocations=144 (full 4):
 garbage-first heap   total 524288K, used 169890K [0x0000000701800000, 0x0000000800000000)
  region size 2048K, 40 young (81920K), 1 survivors (2048K)
 Metaspace       used 82744K, committed 83328K, reserved 1179648K
  class space    used 11299K, committed 11584K, reserved 1048576K
}
Event: 4580.318 GC heap after
{Heap after GC invocations=145 (full 4):
 garbage-first heap   total 524288K, used 89984K [0x0000000701800000, 0x0000000800000000)
  region size 2048K, 1 young (2048K), 1 survivors (2048K)
 Metaspace       used 82744K, committed 83328K, reserved 1179648K
  class space    used 11299K, committed 11584K, reserved 1048576K
}
Event: 4625.133 GC heap before
{Heap before GC invocations=145 (full 4):
 garbage-first heap   total 524288K, used 169856K [0x0000000701800000, 0x0000000800000000)
  region size 2048K, 40 young (81920K), 1 survivors (2048K)
 Metaspace       used 82746K, committed 83328K, reserved 1179648K
  class space    used 11299K, committed 11584K, reserved 1048576K
}
Event: 4625.135 GC heap after
{Heap after GC invocations=146 (full 4):
 garbage-first heap   total 524288K, used 90003K [0x0000000701800000, 0x0000000800000000)
  region size 2048K, 1 young (2048K), 1 survivors (2048K)
 Metaspace       used 82746K, committed 83328K, reserved 1179648K
  class space    used 11299K, committed 11584K, reserved 1048576K
}
Event: 4650.302 GC heap before
{Heap before GC invocations=146 (full 4):
 garbage-first heap   total 524288K, used 169875K [0x0000000701800000, 0x0000000800000000)
  region size 2048K, 40 young (81920K), 1 survivors (2048K)
 Metaspace       used 82775K, committed 83392K, reserved 1179648K
  class space    used 11299K, committed 11584K, reserved 1048576K
}
Event: 4650.304 GC heap after
{Heap after GC invocations=147 (full 4):
 garbage-first heap   total 524288K, used 90583K [0x0000000701800000, 0x0000000800000000)
  region size 2048K, 2 young (4096K), 2 survivors (4096K)
 Metaspace       used 82775K, committed 83392K, reserved 1179648K
  class space    used 11299K, committed 11584K, reserved 1048576K
}
Event: 4664.239 GC heap before
{Heap before GC invocations=147 (full 4):
 garbage-first heap   total 524288K, used 168407K [0x0000000701800000, 0x0000000800000000)
  region size 2048K, 40 young (81920K), 2 survivors (4096K)
 Metaspace       used 82784K, committed 83392K, reserved 1179648K
  class space    used 11299K, committed 11584K, reserved 1048576K
}
Event: 4664.241 GC heap after
{Heap after GC invocations=148 (full 4):
 garbage-first heap   total 524288K, used 90572K [0x0000000701800000, 0x0000000800000000)
  region size 2048K, 2 young (4096K), 2 survivors (4096K)
 Metaspace       used 82784K, committed 83392K, reserved 1179648K
  class space    used 11299K, committed 11584K, reserved 1048576K
}
Event: 4667.102 GC heap before
{Heap before GC invocations=148 (full 4):
 garbage-first heap   total 524288K, used 168396K [0x0000000701800000, 0x0000000800000000)
  region size 2048K, 40 young (81920K), 2 survivors (4096K)
 Metaspace       used 82795K, committed 83392K, reserved 1179648K
  class space    used 11299K, committed 11584K, reserved 1048576K
}
Event: 4667.104 GC heap after
{Heap after GC invocations=149 (full 4):
 garbage-first heap   total 524288K, used 89991K [0x0000000701800000, 0x0000000800000000)
  region size 2048K, 1 young (2048K), 1 survivors (2048K)
 Metaspace       used 82795K, committed 83392K, reserved 1179648K
  class space    used 11299K, committed 11584K, reserved 1048576K
}
Event: 4792.973 GC heap before
{Heap before GC invocations=149 (full 4):
 garbage-first heap   total 524288K, used 169863K [0x0000000701800000, 0x0000000800000000)
  region size 2048K, 40 young (81920K), 1 survivors (2048K)
 Metaspace       used 82804K, committed 83392K, reserved 1179648K
  class space    used 11299K, committed 11584K, reserved 1048576K
}
Event: 4792.976 GC heap after
{Heap after GC invocations=150 (full 4):
 garbage-first heap   total 524288K, used 90601K [0x0000000701800000, 0x0000000800000000)
  region size 2048K, 2 young (4096K), 2 survivors (4096K)
 Metaspace       used 82804K, committed 83392K, reserved 1179648K
  class space    used 11299K, committed 11584K, reserved 1048576K
}
Event: 4832.113 GC heap before
{Heap before GC invocations=150 (full 4):
 garbage-first heap   total 524288K, used 168425K [0x0000000701800000, 0x0000000800000000)
  region size 2048K, 40 young (81920K), 2 survivors (4096K)
 Metaspace       used 82806K, committed 83392K, reserved 1179648K
  class space    used 11299K, committed 11584K, reserved 1048576K
}
Event: 4832.115 GC heap after
{Heap after GC invocations=151 (full 4):
 garbage-first heap   total 524288K, used 90661K [0x0000000701800000, 0x0000000800000000)
  region size 2048K, 2 young (4096K), 2 survivors (4096K)
 Metaspace       used 82806K, committed 83392K, reserved 1179648K
  class space    used 11299K, committed 11584K, reserved 1048576K
}
Event: 4846.944 GC heap before
{Heap before GC invocations=151 (full 4):
 garbage-first heap   total 524288K, used 168485K [0x0000000701800000, 0x0000000800000000)
  region size 2048K, 40 young (81920K), 2 survivors (4096K)
 Metaspace       used 82810K, committed 83392K, reserved 1179648K
  class space    used 11299K, committed 11584K, reserved 1048576K
}
Event: 4846.946 GC heap after
{Heap after GC invocations=152 (full 4):
 garbage-first heap   total 524288K, used 90578K [0x0000000701800000, 0x0000000800000000)
  region size 2048K, 2 young (4096K), 2 survivors (4096K)
 Metaspace       used 82810K, committed 83392K, reserved 1179648K
  class space    used 11299K, committed 11584K, reserved 1048576K
}
Event: 4878.674 GC heap before
{Heap before GC invocations=152 (full 4):
 garbage-first heap   total 524288K, used 168402K [0x0000000701800000, 0x0000000800000000)
  region size 2048K, 40 young (81920K), 2 survivors (4096K)
 Metaspace       used 82841K, committed 83392K, reserved 1179648K
  class space    used 11299K, committed 11584K, reserved 1048576K
}
Event: 4878.676 GC heap after
{Heap after GC invocations=153 (full 4):
 garbage-first heap   total 524288K, used 90619K [0x0000000701800000, 0x0000000800000000)
  region size 2048K, 2 young (4096K), 2 survivors (4096K)
 Metaspace       used 82841K, committed 83392K, reserved 1179648K
  class space    used 11299K, committed 11584K, reserved 1048576K
}

