# JRE version: OpenJDK Runtime Environment Temurin-17.0.7+7 (17.0.7+7) (build 17.0.7+7)
# Java VM: OpenJDK 64-Bit Server VM Temurin-17.0.7+7 (17.0.7+7, mixed mode, sharing, tiered, compressed oops, compressed class ptrs, g1 gc, windows-amd64)
GC Precious Log:
 CPUs: 16 total, 16 available
 Memory: 15646M
 Large Page Support: Disabled
 NUMA Support: Disabled
 Compressed Oops: Enabled (Zero based)
 Heap Region Size: 2M
 Heap Min Capacity: 512M
 Heap Initial Capacity: 512M
 Heap Max Capacity: 4072M
 Pre-touch: Disabled
 Parallel Workers: 13
 Concurrent Workers: 3
 Concurrent Refinement Workers: 13
 Periodic GC: Disabled
 String Deduplication is enabled
Heap:
 garbage-first heap   total 524288K, used 136951K [0x0000000701800000, 0x0000000800000000)
  region size 2048K, 22 young (45056K), 1 survivors (2048K)
 Metaspace       used 86887K, committed 87552K, reserved 1179648K
  class space    used 11909K, committed 12224K, reserved 1048576K
GC Heap History (20 events):
Event: 277.847 GC heap before
{Heap before GC invocations=38 (full 5):
 garbage-first heap   total 524288K, used 170909K [0x0000000701800000, 0x0000000800000000)
  region size 2048K, 40 young (81920K), 3 survivors (6144K)
 Metaspace       used 85757K, committed 86400K, reserved 1179648K
  class space    used 11850K, committed 12160K, reserved 1048576K
}
Event: 277.851 GC heap after
{Heap after GC invocations=39 (full 5):
 garbage-first heap   total 524288K, used 98568K [0x0000000701800000, 0x0000000800000000)
  region size 2048K, 4 young (8192K), 4 survivors (8192K)
 Metaspace       used 85757K, committed 86400K, reserved 1179648K
  class space    used 11850K, committed 12160K, reserved 1048576K
}
Event: 278.653 GC heap before
{Heap before GC invocations=39 (full 5):
 garbage-first heap   total 524288K, used 172296K [0x0000000701800000, 0x0000000800000000)
  region size 2048K, 40 young (81920K), 4 survivors (8192K)
 Metaspace       used 85963K, committed 86592K, reserved 1179648K
  class space    used 11850K, committed 12160K, reserved 1048576K
}
Event: 278.657 GC heap after
{Heap after GC invocations=40 (full 5):
 garbage-first heap   total 524288K, used 100547K [0x0000000701800000, 0x0000000800000000)
  region size 2048K, 4 young (8192K), 4 survivors (8192K)
 Metaspace       used 85963K, committed 86592K, reserved 1179648K
  class space    used 11850K, committed 12160K, reserved 1048576K
}
Event: 278.757 GC heap before
{Heap before GC invocations=40 (full 5):
 garbage-first heap   total 524288K, used 104643K [0x0000000701800000, 0x0000000800000000)
  region size 2048K, 8 young (16384K), 4 survivors (8192K)
 Metaspace       used 85993K, committed 86656K, reserved 1179648K
  class space    used 11850K, committed 12160K, reserved 1048576K
}
Event: 278.819 GC heap after
{Heap after GC invocations=41 (full 6):
 garbage-first heap   total 524288K, used 96254K [0x0000000701800000, 0x0000000800000000)
  region size 2048K, 0 young (0K), 0 survivors (0K)
 Metaspace       used 85993K, committed 86656K, reserved 1179648K
  class space    used 11850K, committed 12160K, reserved 1048576K
}
Event: 284.175 GC heap before
{Heap before GC invocations=41 (full 6):
 garbage-first heap   total 524288K, used 155646K [0x0000000701800000, 0x0000000800000000)
  region size 2048K, 30 young (61440K), 0 survivors (0K)
 Metaspace       used 86149K, committed 86848K, reserved 1179648K
  class space    used 11850K, committed 12160K, reserved 1048576K
}
Event: 284.224 GC heap after
{Heap after GC invocations=42 (full 7):
 garbage-first heap   total 524288K, used 96335K [0x0000000701800000, 0x0000000800000000)
  region size 2048K, 0 young (0K), 0 survivors (0K)
 Metaspace       used 86149K, committed 86848K, reserved 1179648K
  class space    used 11850K, committed 12160K, reserved 1048576K
}
Event: 286.039 GC heap before
{Heap before GC invocations=42 (full 7):
 garbage-first heap   total 524288K, used 98383K [0x0000000701800000, 0x0000000800000000)
  region size 2048K, 2 young (4096K), 0 survivors (0K)
 Metaspace       used 86165K, committed 86848K, reserved 1179648K
  class space    used 11850K, committed 12160K, reserved 1048576K
}
Event: 286.086 GC heap after
{Heap after GC invocations=43 (full 8):
 garbage-first heap   total 524288K, used 96159K [0x0000000701800000, 0x0000000800000000)
  region size 2048K, 0 young (0K), 0 survivors (0K)
 Metaspace       used 86165K, committed 86848K, reserved 1179648K
  class space    used 11850K, committed 12160K, reserved 1048576K
}
Event: 288.708 GC heap before
{Heap before GC invocations=43 (full 8):
 garbage-first heap   total 524288K, used 100255K [0x0000000701800000, 0x0000000800000000)
  region size 2048K, 3 young (6144K), 0 survivors (0K)
 Metaspace       used 86183K, committed 86848K, reserved 1179648K
  class space    used 11850K, committed 12160K, reserved 1048576K
}
Event: 288.753 GC heap after
{Heap after GC invocations=44 (full 9):
 garbage-first heap   total 524288K, used 96179K [0x0000000701800000, 0x0000000800000000)
  region size 2048K, 0 young (0K), 0 survivors (0K)
 Metaspace       used 86183K, committed 86848K, reserved 1179648K
  class space    used 11850K, committed 12160K, reserved 1048576K
}
Event: 344.987 GC heap before
{Heap before GC invocations=44 (full 9):
 garbage-first heap   total 524288K, used 137139K [0x0000000701800000, 0x0000000800000000)
  region size 2048K, 21 young (43008K), 0 survivors (0K)
 Metaspace       used 86221K, committed 86848K, reserved 1179648K
  class space    used 11850K, committed 12160K, reserved 1048576K
}
Event: 345.037 GC heap after
{Heap after GC invocations=45 (full 10):
 garbage-first heap   total 524288K, used 95678K [0x0000000701800000, 0x0000000800000000)
  region size 2048K, 0 young (0K), 0 survivors (0K)
 Metaspace       used 86221K, committed 86848K, reserved 1179648K
  class space    used 11850K, committed 12160K, reserved 1048576K
}
Event: 346.922 GC heap before
{Heap before GC invocations=45 (full 10):
 garbage-first heap   total 524288K, used 97726K [0x0000000701800000, 0x0000000800000000)
  region size 2048K, 2 young (4096K), 0 survivors (0K)
 Metaspace       used 86262K, committed 86912K, reserved 1179648K
  class space    used 11853K, committed 12160K, reserved 1048576K
}
Event: 346.970 GC heap after
{Heap after GC invocations=46 (full 11):
 garbage-first heap   total 524288K, used 95610K [0x0000000701800000, 0x0000000800000000)
  region size 2048K, 0 young (0K), 0 survivors (0K)
 Metaspace       used 86262K, committed 86912K, reserved 1179648K
  class space    used 11853K, committed 12160K, reserved 1048576K
}
Event: 396.175 GC heap before
{Heap before GC invocations=46 (full 11):
 garbage-first heap   total 524288K, used 175482K [0x0000000701800000, 0x0000000800000000)
  region size 2048K, 40 young (81920K), 0 survivors (0K)
 Metaspace       used 86341K, committed 86976K, reserved 1179648K
  class space    used 11855K, committed 12160K, reserved 1048576K
}
Event: 396.177 GC heap after
{Heap after GC invocations=47 (full 11):
 garbage-first heap   total 524288K, used 96877K [0x0000000701800000, 0x0000000800000000)
  region size 2048K, 1 young (2048K), 1 survivors (2048K)
 Metaspace       used 86341K, committed 86976K, reserved 1179648K
  class space    used 11855K, committed 12160K, reserved 1048576K
}
Event: 413.404 GC heap before
{Heap before GC invocations=47 (full 11):
 garbage-first heap   total 524288K, used 176749K [0x0000000701800000, 0x0000000800000000)
  region size 2048K, 40 young (81920K), 1 survivors (2048K)
 Metaspace       used 86419K, committed 87040K, reserved 1179648K
  class space    used 11860K, committed 12160K, reserved 1048576K
}
Event: 413.405 GC heap after
{Heap after GC invocations=48 (full 11):
 garbage-first heap   total 524288K, used 95991K [0x0000000701800000, 0x0000000800000000)
  region size 2048K, 1 young (2048K), 1 survivors (2048K)
 Metaspace       used 86419K, committed 87040K, reserved 1179648K
  class space    used 11860K, committed 12160K, reserved 1048576K
}

